  timingthread.c
c:\users\dell\documents\studies_ee_tau\semester_6\operating_systems\ex3\ex3\ex3\motherfile.h(20): warning C4005: 'MAXCHAR': macro redefinition
  c:\program files (x86)\windows kits\8.1\include\um\winnt.h(1095): note: see previous definition of 'MAXCHAR'
  roomate.c
c:\users\dell\documents\studies_ee_tau\semester_6\operating_systems\ex3\ex3\ex3\motherfile.h(20): warning C4005: 'MAXCHAR': macro redefinition
  c:\program files (x86)\windows kits\8.1\include\um\winnt.h(1095): note: see previous definition of 'MAXCHAR'
c:\users\dell\documents\studies_ee_tau\semester_6\operating_systems\ex3\ex3\ex3\roomate.c(44): warning C4047: 'initializing': 'LONG' differs in levels of indirection from 'void *'
  mohterfile.c
c:\users\dell\documents\studies_ee_tau\semester_6\operating_systems\ex3\ex3\ex3\motherfile.h(20): warning C4005: 'MAXCHAR': macro redefinition
  c:\program files (x86)\windows kits\8.1\include\um\winnt.h(1095): note: see previous definition of 'MAXCHAR'
c:\users\dell\documents\studies_ee_tau\semester_6\operating_systems\ex3\ex3\ex3\mohterfile.c(66): warning C4018: '<': signed/unsigned mismatch
  main.c
c:\users\dell\documents\studies_ee_tau\semester_6\operating_systems\ex3\ex3\ex3\motherfile.h(20): warning C4005: 'MAXCHAR': macro redefinition
  c:\program files (x86)\windows kits\8.1\include\um\winnt.h(1095): note: see previous definition of 'MAXCHAR'
c:\users\dell\documents\studies_ee_tau\semester_6\operating_systems\ex3\ex3\ex3\main.c(377): warning C4047: '=': 'DWORD' differs in levels of indirection from 'DWORD *'
c:\users\dell\documents\studies_ee_tau\semester_6\operating_systems\ex3\ex3\ex3\main.c(378): warning C4047: '=': 'DWORD' differs in levels of indirection from 'DWORD *'
c:\users\dell\documents\studies_ee_tau\semester_6\operating_systems\ex3\ex3\ex3\main.c(381): warning C4047: '=': 'DWORD' differs in levels of indirection from 'DWORD *'
c:\users\dell\documents\studies_ee_tau\semester_6\operating_systems\ex3\ex3\ex3\main.c(382): warning C4047: '=': 'DWORD' differs in levels of indirection from 'DWORD *'
c:\users\dell\documents\studies_ee_tau\semester_6\operating_systems\ex3\ex3\ex3\main.c(389): warning C4018: '<': signed/unsigned mismatch
c:\users\dell\documents\studies_ee_tau\semester_6\operating_systems\ex3\ex3\ex3\main.c(397): warning C4013: 'FreeAndCloseAllMemory' undefined; assuming extern returning int
  machine.c
c:\users\dell\documents\studies_ee_tau\semester_6\operating_systems\ex3\ex3\ex3\motherfile.h(20): warning C4005: 'MAXCHAR': macro redefinition
  c:\program files (x86)\windows kits\8.1\include\um\winnt.h(1095): note: see previous definition of 'MAXCHAR'
  Generating Code...
c:\users\dell\documents\studies_ee_tau\semester_6\operating_systems\ex3\ex3\ex3\mohterfile.c(91): warning C4715: 'FreeAndCloseAllMemory': not all control paths return a value
  ex3.vcxproj -> C:\Users\DELL\Documents\Studies_EE_Tau\semester_6\Operating_systems\ex3\ex3\Debug\ex3.exe
  ex3.vcxproj -> C:\Users\DELL\Documents\Studies_EE_Tau\semester_6\Operating_systems\ex3\ex3\Debug\ex3.pdb (Partial PDB)
