  SocketExampleServer.c
c:\users\dell\documents\studies_ee_tau\semester_6\operating_systems\hw_projects\client\server\socketexampleserver.c(285): warning C4047: 'function': 'server_info **' differs in levels of indirection from 'server_info *'
c:\users\dell\documents\studies_ee_tau\semester_6\operating_systems\hw_projects\client\server\socketexampleserver.c(285): warning C4024: 'ServerActionAfterClientMessage': different types for formal and actual parameter 3
c:\users\dell\documents\studies_ee_tau\semester_6\operating_systems\hw_projects\client\server\socketexampleserver.c(312): warning C4047: '=': 'int' differs in levels of indirection from 'char [10]'
c:\users\dell\documents\studies_ee_tau\semester_6\operating_systems\hw_projects\client\server\socketexampleserver.c(318): warning C4047: '=': 'int' differs in levels of indirection from 'void *'
c:\users\dell\documents\studies_ee_tau\semester_6\operating_systems\hw_projects\client\server\socketexampleserver.c(320): warning C4047: '=': 'char' differs in levels of indirection from 'void *'
c:\users\dell\documents\studies_ee_tau\semester_6\operating_systems\hw_projects\client\server\socketexampleserver.c(321): warning C4047: '=': 'SOCKET' differs in levels of indirection from 'void *'
c:\users\dell\documents\studies_ee_tau\semester_6\operating_systems\hw_projects\client\server\socketexampleserver.c(323): warning C4047: '=': 'int' differs in levels of indirection from 'void *'
c:\users\dell\documents\studies_ee_tau\semester_6\operating_systems\hw_projects\client\server\socketexampleserver.c(325): warning C4047: '=': 'char' differs in levels of indirection from 'void *'
c:\users\dell\documents\studies_ee_tau\semester_6\operating_systems\hw_projects\client\server\socketexampleserver.c(326): warning C4047: '=': 'SOCKET' differs in levels of indirection from 'void *'
c:\users\dell\documents\studies_ee_tau\semester_6\operating_systems\hw_projects\client\server\socketexampleserver.c(355): warning C4047: 'initializing': 'const char' differs in levels of indirection from 'char [2]'
c:\users\dell\documents\studies_ee_tau\semester_6\operating_systems\hw_projects\client\server\socketexampleserver.c(433): warning C4047: 'function': 'char **' differs in levels of indirection from 'char (*)[127]'
c:\users\dell\documents\studies_ee_tau\semester_6\operating_systems\hw_projects\client\server\socketexampleserver.c(433): warning C4024: 'ServerMessageGenarator': different types for formal and actual parameter 2
c:\users\dell\documents\studies_ee_tau\semester_6\operating_systems\hw_projects\client\server\socketexampleserver.c(443): warning C4047: 'function': 'char **' differs in levels of indirection from 'char (*)[127]'
c:\users\dell\documents\studies_ee_tau\semester_6\operating_systems\hw_projects\client\server\socketexampleserver.c(443): warning C4024: 'ServerMessageGenarator': different types for formal and actual parameter 2
c:\users\dell\documents\studies_ee_tau\semester_6\operating_systems\hw_projects\client\server\socketexampleserver.c(452): warning C4047: 'function': 'char **' differs in levels of indirection from 'char (*)[127]'
c:\users\dell\documents\studies_ee_tau\semester_6\operating_systems\hw_projects\client\server\socketexampleserver.c(452): warning C4024: 'ServerMessageGenarator': different types for formal and actual parameter 2
c:\users\dell\documents\studies_ee_tau\semester_6\operating_systems\hw_projects\client\server\socketexampleserver.c(466): warning C4047: 'function': 'char **' differs in levels of indirection from 'char (*)[127]'
c:\users\dell\documents\studies_ee_tau\semester_6\operating_systems\hw_projects\client\server\socketexampleserver.c(466): warning C4024: 'ServerMessageGenarator': different types for formal and actual parameter 2
c:\users\dell\documents\studies_ee_tau\semester_6\operating_systems\hw_projects\client\server\socketexampleserver.c(472): warning C4047: 'function': 'char **' differs in levels of indirection from 'char (*)[127]'
c:\users\dell\documents\studies_ee_tau\semester_6\operating_systems\hw_projects\client\server\socketexampleserver.c(472): warning C4024: 'ServerMessageGenarator': different types for formal and actual parameter 2
c:\users\dell\documents\studies_ee_tau\semester_6\operating_systems\hw_projects\client\server\socketexampleserver.c(477): warning C4047: 'function': 'char *' differs in levels of indirection from 'char (*)[25]'
c:\users\dell\documents\studies_ee_tau\semester_6\operating_systems\hw_projects\client\server\socketexampleserver.c(477): warning C4024: 'Board2String': different types for formal and actual parameter 1
c:\users\dell\documents\studies_ee_tau\semester_6\operating_systems\hw_projects\client\server\socketexampleserver.c(480): warning C4047: 'function': 'char **' differs in levels of indirection from 'char (*)[127]'
c:\users\dell\documents\studies_ee_tau\semester_6\operating_systems\hw_projects\client\server\socketexampleserver.c(480): warning C4024: 'ServerMessageGenarator': different types for formal and actual parameter 2
c:\users\dell\documents\studies_ee_tau\semester_6\operating_systems\hw_projects\client\server\socketexampleserver.c(485): warning C4047: 'function': 'char **' differs in levels of indirection from 'char (*)[127]'
c:\users\dell\documents\studies_ee_tau\semester_6\operating_systems\hw_projects\client\server\socketexampleserver.c(485): warning C4024: 'ServerMessageGenarator': different types for formal and actual parameter 2
c:\users\dell\documents\studies_ee_tau\semester_6\operating_systems\hw_projects\client\server\socketexampleserver.c(496): warning C4047: 'function': 'char *' differs in levels of indirection from 'char'
c:\users\dell\documents\studies_ee_tau\semester_6\operating_systems\hw_projects\client\server\socketexampleserver.c(496): warning C4024: 'ServerMessageBuilder': different types for formal and actual parameter 3
c:\users\dell\documents\studies_ee_tau\semester_6\operating_systems\hw_projects\client\server\socketexampleserver.c(497): warning C4047: 'function': 'char **' differs in levels of indirection from 'char (*)[127]'
c:\users\dell\documents\studies_ee_tau\semester_6\operating_systems\hw_projects\client\server\socketexampleserver.c(497): warning C4024: 'ServerMessageGenarator': different types for formal and actual parameter 2
c:\users\dell\documents\studies_ee_tau\semester_6\operating_systems\hw_projects\client\server\socketexampleserver.c(504): warning C4047: 'function': 'char **' differs in levels of indirection from 'char (*)[127]'
c:\users\dell\documents\studies_ee_tau\semester_6\operating_systems\hw_projects\client\server\socketexampleserver.c(504): warning C4024: 'ServerMessageGenarator': different types for formal and actual parameter 2
c:\users\dell\documents\studies_ee_tau\semester_6\operating_systems\hw_projects\client\server\socketexampleserver.c(511): warning C4047: 'function': 'char **' differs in levels of indirection from 'char (*)[127]'
c:\users\dell\documents\studies_ee_tau\semester_6\operating_systems\hw_projects\client\server\socketexampleserver.c(511): warning C4024: 'ServerMessageGenarator': different types for formal and actual parameter 2
c:\users\dell\documents\studies_ee_tau\semester_6\operating_systems\hw_projects\client\server\socketexampleserver.c(522): warning C4047: 'function': 'char **' differs in levels of indirection from 'char (*)[127]'
c:\users\dell\documents\studies_ee_tau\semester_6\operating_systems\hw_projects\client\server\socketexampleserver.c(522): warning C4024: 'ServerMessageGenarator': different types for formal and actual parameter 2
c:\users\dell\documents\studies_ee_tau\semester_6\operating_systems\hw_projects\client\server\socketexampleserver.c(527): warning C4047: 'function': 'char **' differs in levels of indirection from 'char (*)[127]'
c:\users\dell\documents\studies_ee_tau\semester_6\operating_systems\hw_projects\client\server\socketexampleserver.c(527): warning C4024: 'ServerMessageGenarator': different types for formal and actual parameter 2
c:\users\dell\documents\studies_ee_tau\semester_6\operating_systems\hw_projects\client\server\socketexampleserver.c(532): warning C4047: 'function': 'char *' differs in levels of indirection from 'char'
c:\users\dell\documents\studies_ee_tau\semester_6\operating_systems\hw_projects\client\server\socketexampleserver.c(532): warning C4024: 'ServerMessageBuilder': different types for formal and actual parameter 2
c:\users\dell\documents\studies_ee_tau\semester_6\operating_systems\hw_projects\client\server\socketexampleserver.c(532): warning C4024: 'ServerMessageBuilder': different types for formal and actual parameter 4
c:\users\dell\documents\studies_ee_tau\semester_6\operating_systems\hw_projects\client\server\socketexampleserver.c(533): warning C4047: 'function': 'char **' differs in levels of indirection from 'char (*)[127]'
c:\users\dell\documents\studies_ee_tau\semester_6\operating_systems\hw_projects\client\server\socketexampleserver.c(533): warning C4024: 'ServerMessageGenarator': different types for formal and actual parameter 2
c:\users\dell\documents\studies_ee_tau\semester_6\operating_systems\hw_projects\client\server\socketexampleserver.c(537): warning C4047: 'function': 'char *' differs in levels of indirection from 'char'
c:\users\dell\documents\studies_ee_tau\semester_6\operating_systems\hw_projects\client\server\socketexampleserver.c(537): warning C4024: 'ServerMessageBuilder': different types for formal and actual parameter 2
c:\users\dell\documents\studies_ee_tau\semester_6\operating_systems\hw_projects\client\server\socketexampleserver.c(538): warning C4047: 'function': 'char **' differs in levels of indirection from 'char (*)[127]'
c:\users\dell\documents\studies_ee_tau\semester_6\operating_systems\hw_projects\client\server\socketexampleserver.c(538): warning C4024: 'ServerMessageGenarator': different types for formal and actual parameter 2
c:\users\dell\documents\studies_ee_tau\semester_6\operating_systems\hw_projects\client\server\socketexampleserver.c(547): warning C4047: 'function': 'char **' differs in levels of indirection from 'char (*)[127]'
c:\users\dell\documents\studies_ee_tau\semester_6\operating_systems\hw_projects\client\server\socketexampleserver.c(547): warning C4024: 'ServerMessageGenarator': different types for formal and actual parameter 2
c:\users\dell\documents\studies_ee_tau\semester_6\operating_systems\hw_projects\client\server\socketexampleserver.c(552): warning C4047: 'function': 'char **' differs in levels of indirection from 'char (*)[127]'
c:\users\dell\documents\studies_ee_tau\semester_6\operating_systems\hw_projects\client\server\socketexampleserver.c(552): warning C4024: 'ServerMessageGenarator': different types for formal and actual parameter 2
c:\users\dell\documents\studies_ee_tau\semester_6\operating_systems\hw_projects\client\server\socketexampleserver.c(556): warning C4047: 'function': 'char *' differs in levels of indirection from 'char'
c:\users\dell\documents\studies_ee_tau\semester_6\operating_systems\hw_projects\client\server\socketexampleserver.c(556): warning C4024: 'ServerMessageBuilder': different types for formal and actual parameter 3
c:\users\dell\documents\studies_ee_tau\semester_6\operating_systems\hw_projects\client\server\socketexampleserver.c(557): warning C4047: 'function': 'char **' differs in levels of indirection from 'char (*)[127]'
c:\users\dell\documents\studies_ee_tau\semester_6\operating_systems\hw_projects\client\server\socketexampleserver.c(557): warning C4024: 'ServerMessageGenarator': different types for formal and actual parameter 2
c:\users\dell\documents\studies_ee_tau\semester_6\operating_systems\hw_projects\client\server\socketexampleserver.c(563): warning C4047: 'function': 'char **' differs in levels of indirection from 'char (*)[127]'
c:\users\dell\documents\studies_ee_tau\semester_6\operating_systems\hw_projects\client\server\socketexampleserver.c(563): warning C4024: 'ServerMessageGenarator': different types for formal and actual parameter 2
c:\users\dell\documents\studies_ee_tau\semester_6\operating_systems\hw_projects\client\server\socketexampleserver.c(568): warning C4047: 'function': 'char **' differs in levels of indirection from 'char (*)[127]'
c:\users\dell\documents\studies_ee_tau\semester_6\operating_systems\hw_projects\client\server\socketexampleserver.c(568): warning C4024: 'ServerMessageGenarator': different types for formal and actual parameter 2
c:\users\dell\documents\studies_ee_tau\semester_6\operating_systems\hw_projects\client\server\socketexampleserver.c(656): warning C4553: '==': operator has no effect; did you intend '='?
c:\users\dell\documents\studies_ee_tau\semester_6\operating_systems\hw_projects\client\server\socketexampleserver.c(659): warning C4553: '==': operator has no effect; did you intend '='?
c:\users\dell\documents\studies_ee_tau\semester_6\operating_systems\hw_projects\client\server\socketexampleserver.c(610): warning C4715: 'SendStringErrorCheck': not all control paths return a value
  server.vcxproj -> C:\Users\DELL\Documents\Studies_EE_Tau\semester_6\Operating_systems\HW_projects\client\Debug\server.exe
  server.vcxproj -> C:\Users\DELL\Documents\Studies_EE_Tau\semester_6\Operating_systems\HW_projects\client\Debug\server.pdb (Partial PDB)
